<?xml version="1.0" encoding="UTF-8"?>
<!-- Generated by org.testng.reporters.JUnitReportReporter -->
<testsuite skipped="0" hostname="CLSLC_5894CassandraSalido" name="tests.alerts.Test_Alert" tests="2" failures="0" timestamp="2021-03-10T22:25:27 MST" time="1.020" errors="0">
  <testcase name="goToAlerts" time="0.803" classname="tests.alerts.Test_Alert"/>
  <system-out/>
  <testcase name="header" time="0.217" classname="tests.alerts.Test_Alert"/>
  <system-out/>
</testsuite> <!-- tests.alerts.Test_Alert -->
